{"C:\\Users\\rodri\\OneDrive\\pc_work\\ME\\FullStack\\06.Backend_node_express\\07.Testing\\07.prueba_cafeteriaNanaco\\index.js": {"path":"C:\\Users\\rodri\\OneDrive\\pc_work\\ME\\FullStack\\06.Backend_node_express\\07.Testing\\07.prueba_cafeteriaNanaco\\index.js","statementMap":{"0":{"start":{"line":1,"column":17},"end":{"line":1,"column":35}},"1":{"start":{"line":2,"column":12},"end":{"line":2,"column":21}},"2":{"start":{"line":4,"column":14},"end":{"line":4,"column":37}},"3":{"start":{"line":6,"column":0},"end":{"line":6,"column":42}},"4":{"start":{"line":8,"column":0},"end":{"line":8,"column":23}},"5":{"start":{"line":10,"column":0},"end":{"line":12,"column":2}},"6":{"start":{"line":11,"column":2},"end":{"line":11,"column":29}},"7":{"start":{"line":14,"column":0},"end":{"line":22,"column":2}},"8":{"start":{"line":15,"column":17},"end":{"line":15,"column":27}},"9":{"start":{"line":16,"column":15},"end":{"line":16,"column":51}},"10":{"start":{"line":16,"column":31},"end":{"line":16,"column":50}},"11":{"start":{"line":17,"column":2},"end":{"line":21,"column":3}},"12":{"start":{"line":18,"column":4},"end":{"line":18,"column":30}},"13":{"start":{"line":20,"column":4},"end":{"line":20,"column":78}},"14":{"start":{"line":24,"column":0},"end":{"line":33,"column":2}},"15":{"start":{"line":25,"column":15},"end":{"line":25,"column":23}},"16":{"start":{"line":26,"column":17},"end":{"line":26,"column":21}},"17":{"start":{"line":27,"column":31},"end":{"line":27,"column":59}},"18":{"start":{"line":27,"column":47},"end":{"line":27,"column":58}},"19":{"start":{"line":28,"column":2},"end":{"line":32,"column":3}},"20":{"start":{"line":28,"column":28},"end":{"line":28,"column":93}},"21":{"start":{"line":30,"column":4},"end":{"line":30,"column":20}},"22":{"start":{"line":31,"column":4},"end":{"line":31,"column":31}},"23":{"start":{"line":35,"column":0},"end":{"line":51,"column":2}},"24":{"start":{"line":36,"column":15},"end":{"line":36,"column":23}},"25":{"start":{"line":37,"column":17},"end":{"line":37,"column":27}},"26":{"start":{"line":38,"column":2},"end":{"line":42,"column":3}},"27":{"start":{"line":39,"column":4},"end":{"line":41,"column":87}},"28":{"start":{"line":44,"column":25},"end":{"line":44,"column":60}},"29":{"start":{"line":44,"column":48},"end":{"line":44,"column":59}},"30":{"start":{"line":45,"column":2},"end":{"line":50,"column":3}},"31":{"start":{"line":46,"column":4},"end":{"line":46,"column":32}},"32":{"start":{"line":47,"column":4},"end":{"line":47,"column":19}},"33":{"start":{"line":49,"column":4},"end":{"line":49,"column":78}},"34":{"start":{"line":53,"column":0},"end":{"line":67,"column":2}},"35":{"start":{"line":54,"column":14},"end":{"line":54,"column":41}},"36":{"start":{"line":55,"column":2},"end":{"line":66,"column":86}},"37":{"start":{"line":56,"column":19},"end":{"line":56,"column":29}},"38":{"start":{"line":57,"column":27},"end":{"line":57,"column":60}},"39":{"start":{"line":57,"column":48},"end":{"line":57,"column":59}},"40":{"start":{"line":59,"column":4},"end":{"line":65,"column":5}},"41":{"start":{"line":60,"column":6},"end":{"line":60,"column":37}},"42":{"start":{"line":61,"column":6},"end":{"line":61,"column":40}},"43":{"start":{"line":62,"column":6},"end":{"line":62,"column":21}},"44":{"start":{"line":64,"column":6},"end":{"line":64,"column":80}},"45":{"start":{"line":66,"column":9},"end":{"line":66,"column":86}},"46":{"start":{"line":69,"column":0},"end":{"line":71,"column":2}},"47":{"start":{"line":70,"column":2},"end":{"line":70,"column":78}},"48":{"start":{"line":73,"column":0},"end":{"line":73,"column":20}}},"fnMap":{"0":{"name":"(anonymous_0)","decl":{"start":{"line":10,"column":18},"end":{"line":10,"column":19}},"loc":{"start":{"line":10,"column":30},"end":{"line":12,"column":1}},"line":10},"1":{"name":"(anonymous_1)","decl":{"start":{"line":14,"column":22},"end":{"line":14,"column":23}},"loc":{"start":{"line":14,"column":36},"end":{"line":22,"column":1}},"line":14},"2":{"name":"(anonymous_2)","decl":{"start":{"line":16,"column":26},"end":{"line":16,"column":27}},"loc":{"start":{"line":16,"column":31},"end":{"line":16,"column":50}},"line":16},"3":{"name":"(anonymous_3)","decl":{"start":{"line":24,"column":19},"end":{"line":24,"column":20}},"loc":{"start":{"line":24,"column":33},"end":{"line":33,"column":1}},"line":24},"4":{"name":"(anonymous_4)","decl":{"start":{"line":27,"column":42},"end":{"line":27,"column":43}},"loc":{"start":{"line":27,"column":47},"end":{"line":27,"column":58}},"line":27},"5":{"name":"(anonymous_5)","decl":{"start":{"line":35,"column":22},"end":{"line":35,"column":23}},"loc":{"start":{"line":35,"column":36},"end":{"line":51,"column":1}},"line":35},"6":{"name":"(anonymous_6)","decl":{"start":{"line":44,"column":41},"end":{"line":44,"column":42}},"loc":{"start":{"line":44,"column":48},"end":{"line":44,"column":59}},"line":44},"7":{"name":"(anonymous_7)","decl":{"start":{"line":53,"column":25},"end":{"line":53,"column":26}},"loc":{"start":{"line":53,"column":39},"end":{"line":67,"column":1}},"line":53},"8":{"name":"(anonymous_8)","decl":{"start":{"line":57,"column":43},"end":{"line":57,"column":44}},"loc":{"start":{"line":57,"column":48},"end":{"line":57,"column":59}},"line":57},"9":{"name":"(anonymous_9)","decl":{"start":{"line":69,"column":13},"end":{"line":69,"column":14}},"loc":{"start":{"line":69,"column":27},"end":{"line":71,"column":1}},"line":69}},"branchMap":{"0":{"loc":{"start":{"line":17,"column":2},"end":{"line":21,"column":3}},"type":"if","locations":[{"start":{"line":17,"column":2},"end":{"line":21,"column":3}},{"start":{"line":19,"column":9},"end":{"line":21,"column":3}}],"line":17},"1":{"loc":{"start":{"line":28,"column":2},"end":{"line":32,"column":3}},"type":"if","locations":[{"start":{"line":28,"column":2},"end":{"line":32,"column":3}},{"start":{"line":29,"column":7},"end":{"line":32,"column":3}}],"line":28},"2":{"loc":{"start":{"line":38,"column":2},"end":{"line":42,"column":3}},"type":"if","locations":[{"start":{"line":38,"column":2},"end":{"line":42,"column":3}},{"start":{},"end":{}}],"line":38},"3":{"loc":{"start":{"line":45,"column":2},"end":{"line":50,"column":3}},"type":"if","locations":[{"start":{"line":45,"column":2},"end":{"line":50,"column":3}},{"start":{"line":48,"column":9},"end":{"line":50,"column":3}}],"line":45},"4":{"loc":{"start":{"line":55,"column":2},"end":{"line":66,"column":86}},"type":"if","locations":[{"start":{"line":55,"column":2},"end":{"line":66,"column":86}},{"start":{"line":66,"column":9},"end":{"line":66,"column":86}}],"line":55},"5":{"loc":{"start":{"line":59,"column":4},"end":{"line":65,"column":5}},"type":"if","locations":[{"start":{"line":59,"column":4},"end":{"line":65,"column":5}},{"start":{"line":63,"column":11},"end":{"line":65,"column":5}}],"line":59}},"s":{"0":1,"1":1,"2":1,"3":1,"4":1,"5":1,"6":1,"7":1,"8":2,"9":2,"10":6,"11":2,"12":1,"13":1,"14":1,"15":2,"16":2,"17":2,"18":5,"19":2,"20":1,"21":1,"22":1,"23":1,"24":1,"25":1,"26":1,"27":1,"28":0,"29":0,"30":0,"31":0,"32":0,"33":0,"34":1,"35":1,"36":1,"37":1,"38":1,"39":4,"40":1,"41":0,"42":0,"43":0,"44":1,"45":0,"46":1,"47":0,"48":1},"f":{"0":1,"1":2,"2":6,"3":2,"4":5,"5":1,"6":0,"7":1,"8":4,"9":0},"b":{"0":[1,1],"1":[1,1],"2":[1,0],"3":[0,0],"4":[1,0],"5":[0,1]},"_coverageSchema":"1a1c01bbd47fc00a2c39e90264f33305004495a9","hash":"0cc7b2b759f7a23e0376a849847effda53d698cc"}
}
